#
# There is insufficient memory for the Java Runtime Environment to continue.
# Native memory allocation (mmap) failed to map 268435456 bytes for Failed to commit area from 0x0000000701e00000 to 0x0000000711e00000 of length 268435456.
# Possible reasons:
#   The system is out of physical RAM or swap space
#   The process is running with CompressedOops enabled, and the Java Heap may be blocking the growth of the native heap
# Possible solutions:
#   Reduce memory load on the system
#   Increase physical memory or swap space
#   Check if swap backing store is full
#   Decrease Java heap size (-Xmx/-Xms)
#   Decrease number of Java threads
#   Decrease Java thread stack sizes (-Xss)
#   Set larger code cache with -XX:ReservedCodeCacheSize=
# This output file may be truncated or incomplete.
#
#  Out of Memory Error (./src/hotspot/os/windows/os_windows.cpp:3303), pid=1644, tid=10704
#
# JRE version:  (11.0.9.1+11) (build )
# Java VM: OpenJDK 64-Bit Server VM (11.0.9.1+11-b1145.63, mixed mode, sharing, tiered, compressed oops, g1 gc, windows-amd64)
# No core dump will be written. Minidumps are not enabled by default on client versions of Windows
#

---------------  S U M M A R Y ------------

Command Line: org.jetbrains.git4idea.http.GitAskPassApp Username for 'https://github.com': 

Host: Intel(R) Core(TM) i7-9750H CPU @ 2.60GHz, 12 cores, 15G,  Windows 10 , 64 bit Build 19041 (10.0.19041.1202)
Time: Wed Nov 10 01:41:34 2021 Malay Peninsula Standard Time elapsed time: 0.011521 seconds (0d 0h 0m 0s)

---------------  T H R E A D  ---------------

Current thread (0x000002543417d800):  JavaThread "Unknown thread" [_thread_in_vm, id=10704, stack(0x00000057ae300000,0x00000057ae400000)]

Stack: [0x00000057ae300000,0x00000057ae400000]
Native frames: (J=compiled Java code, j=interpreted, Vv=VM code, C=native code)
V  [jvm.dll+0x5edd9a]
V  [jvm.dll+0x7229c5]
V  [jvm.dll+0x723f1d]
V  [jvm.dll+0x7245d3]
V  [jvm.dll+0x2431b8]
V  [jvm.dll+0x5eb234]
V  [jvm.dll+0x5e0325]
V  [jvm.dll+0x2fe60b]
V  [jvm.dll+0x2fe57a]
V  [jvm.dll+0x2fe452]
V  [jvm.dll+0x303346]
V  [jvm.dll+0x34ba83]
V  [jvm.dll+0x34c186]
V  [jvm.dll+0x34bb83]
V  [jvm.dll+0x2d9218]
V  [jvm.dll+0x2da3c7]
V  [jvm.dll+0x701a67]
V  [jvm.dll+0x70325c]
V  [jvm.dll+0x359049]
V  [jvm.dll+0x6e552e]
V  [jvm.dll+0x3c1353]
V  [jvm.dll+0x3c3571]
C  [jli.dll+0x5373]
C  [ucrtbase.dll+0x21bb2]
C  [KERNEL32.DLL+0x17034]
C  [ntdll.dll+0x52651]


---------------  P R O C E S S  ---------------

Threads class SMR info:
_java_thread_list=0x00000254340116c0, length=0, elements={
}

Java Threads: ( => current thread )

Other Threads:
  0x0000025434195800 GCTaskThread "GC Thread#0" [stack: 0x00000057ae400000,0x00000057ae500000] [id=12480]
  0x00000254341f3800 ConcurrentGCThread "G1 Main Marker" [stack: 0x00000057ae500000,0x00000057ae600000] [id=7892]
  0x00000254341f5800 ConcurrentGCThread "G1 Conc#0" [stack: 0x00000057ae600000,0x00000057ae700000] [id=2972]

[error occurred during error reporting (printing all threads), id 0xc0000005, EXCEPTION_ACCESS_VIOLATION (0xc0000005) at pc=0x00007ffbaaec9807]

VM state:not at safepoint (not fully initialized)

VM Mutex/Monitor currently owned by a thread:  ([mutex/lock_event])
[0x000002543417af40] Heap_lock - owner thread: 0x000002543417d800

Heap address: 0x0000000701e00000, size: 4066 MB, Compressed Oops mode: Non-zero based: 0x0000000701e00000
Narrow klass base: 0x0000000000000000, Narrow klass shift: 0

GC Heap History (0 events):
No events

Deoptimization events (0 events):
No events

Classes redefined (0 events):
No events

Internal exceptions (0 events):
No events

Events (1 events):
Event: 0.006 Loaded shared library C:\Program Files\JetBrains\PhpStorm 2020.3.1\jbr\bin\zip.dll


Dynamic libraries:
0x00007ff66fbb0000 - 0x00007ff66fbba000 	C:\Program Files\JetBrains\PhpStorm 2020.3.1\jbr\bin\java.exe
0x00007ffc2e890000 - 0x00007ffc2ea85000 	C:\WINDOWS\SYSTEM32\ntdll.dll
0x00007ffc2e6c0000 - 0x00007ffc2e77e000 	C:\WINDOWS\System32\KERNEL32.DLL
0x00007ffc2c350000 - 0x00007ffc2c619000 	C:\WINDOWS\System32\KERNELBASE.dll
0x00007ffc2bfb0000 - 0x00007ffc2c0b0000 	C:\WINDOWS\System32\ucrtbase.dll
0x00007ffc0e540000 - 0x00007ffc0e559000 	C:\Program Files\JetBrains\PhpStorm 2020.3.1\jbr\bin\jli.dll
0x00007ffc0e3e0000 - 0x00007ffc0e3f7000 	C:\Program Files\JetBrains\PhpStorm 2020.3.1\jbr\bin\VCRUNTIME140.dll
0x00007ffc2dff0000 - 0x00007ffc2e191000 	C:\WINDOWS\System32\USER32.dll
0x00007ffc2c0e0000 - 0x00007ffc2c102000 	C:\WINDOWS\System32\win32u.dll
0x00007ffc154c0000 - 0x00007ffc1575a000 	C:\WINDOWS\WinSxS\amd64_microsoft.windows.common-controls_6595b64144ccf1df_6.0.19041.1110_none_60b5254171f9507e\COMCTL32.dll
0x00007ffc2e820000 - 0x00007ffc2e84b000 	C:\WINDOWS\System32\GDI32.dll
0x00007ffc2e440000 - 0x00007ffc2e4de000 	C:\WINDOWS\System32\msvcrt.dll
0x00007ffc2c670000 - 0x00007ffc2c77b000 	C:\WINDOWS\System32\gdi32full.dll
0x00007ffc2c2b0000 - 0x00007ffc2c34d000 	C:\WINDOWS\System32\msvcp_win.dll
0x00007ffc2e330000 - 0x00007ffc2e360000 	C:\WINDOWS\System32\IMM32.DLL
0x00007ffc0cbc0000 - 0x00007ffc0cc5d000 	C:\Program Files\JetBrains\PhpStorm 2020.3.1\jbr\bin\msvcp140.dll
0x00007ffbaabe0000 - 0x00007ffbab6ae000 	C:\Program Files\JetBrains\PhpStorm 2020.3.1\jbr\bin\server\jvm.dll
0x00007ffc2e1b0000 - 0x00007ffc2e25c000 	C:\WINDOWS\System32\ADVAPI32.dll
0x00007ffc2cce0000 - 0x00007ffc2cd7b000 	C:\WINDOWS\System32\sechost.dll
0x00007ffc2d780000 - 0x00007ffc2d8aa000 	C:\WINDOWS\System32\RPCRT4.dll
0x00007ffc2d0e0000 - 0x00007ffc2d0e8000 	C:\WINDOWS\System32\PSAPI.DLL
0x00007ffc272a0000 - 0x00007ffc272a9000 	C:\WINDOWS\SYSTEM32\WSOCK32.dll
0x00007ffc13060000 - 0x00007ffc13087000 	C:\WINDOWS\SYSTEM32\WINMM.dll
0x00007ffc245a0000 - 0x00007ffc245aa000 	C:\WINDOWS\SYSTEM32\VERSION.dll
0x00007ffc2e260000 - 0x00007ffc2e2cb000 	C:\WINDOWS\System32\WS2_32.dll
0x00007ffc2a880000 - 0x00007ffc2a892000 	C:\WINDOWS\SYSTEM32\kernel.appcore.dll
0x00007ffc27280000 - 0x00007ffc27291000 	C:\Program Files\JetBrains\PhpStorm 2020.3.1\jbr\bin\verify.dll
0x00007ffc2a540000 - 0x00007ffc2a724000 	C:\WINDOWS\SYSTEM32\DBGHELP.DLL
0x00007ffc18d00000 - 0x00007ffc18d2c000 	C:\WINDOWS\SYSTEM32\dbgcore.DLL
0x00007ffc2c220000 - 0x00007ffc2c2a3000 	C:\WINDOWS\System32\bcryptPrimitives.dll
0x00007ffc27250000 - 0x00007ffc27279000 	C:\Program Files\JetBrains\PhpStorm 2020.3.1\jbr\bin\java.dll
0x00007ffc27240000 - 0x00007ffc2724b000 	C:\Program Files\JetBrains\PhpStorm 2020.3.1\jbr\bin\jimage.dll
0x00007ffc27220000 - 0x00007ffc27238000 	C:\Program Files\JetBrains\PhpStorm 2020.3.1\jbr\bin\zip.dll

dbghelp: loaded successfully - version: 4.0.5 - missing functions: none
symbol engine: initialized successfully - sym options: 0x614 - pdb path: .;C:\Program Files\JetBrains\PhpStorm 2020.3.1\jbr\bin;C:\WINDOWS\SYSTEM32;C:\WINDOWS\WinSxS\amd64_microsoft.windows.common-controls_6595b64144ccf1df_6.0.19041.1110_none_60b5254171f9507e;C:\Program Files\JetBrains\PhpStorm 2020.3.1\jbr\bin\server

VM Arguments:
java_command: org.jetbrains.git4idea.http.GitAskPassApp Username for 'https://github.com': 
java_class_path (initial): C:/Program Files/JetBrains/PhpStorm 2020.3.1/plugins/git4idea/lib/git4idea-rt.jar;C:/Program Files/JetBrains/PhpStorm 2020.3.1/lib/xmlrpc-2.0.1.jar;C:/Program Files/JetBrains/PhpStorm 2020.3.1/lib/commons-codec-1.14.jar
Launcher Type: SUN_STANDARD

[Global flags]
     intx CICompilerCount                          = 4                                         {product} {ergonomic}
     uint ConcGCThreads                            = 3                                         {product} {ergonomic}
     uint G1ConcRefinementThreads                  = 10                                        {product} {ergonomic}
   size_t G1HeapRegionSize                         = 1048576                                   {product} {ergonomic}
    uintx GCDrainStackTargetSize                   = 64                                        {product} {ergonomic}
   size_t InitialHeapSize                          = 268435456                                 {product} {ergonomic}
   size_t MarkStackSize                            = 4194304                                   {product} {ergonomic}
   size_t MaxHeapSize                              = 4263510016                                {product} {ergonomic}
   size_t MinHeapDeltaBytes                        = 1048576                                   {product} {ergonomic}
    uintx NonNMethodCodeHeapSize                   = 5836300                                {pd product} {ergonomic}
    uintx NonProfiledCodeHeapSize                  = 122910970                              {pd product} {ergonomic}
    uintx ProfiledCodeHeapSize                     = 122910970                              {pd product} {ergonomic}
    uintx ReservedCodeCacheSize                    = 251658240                              {pd product} {ergonomic}
     bool SegmentedCodeCache                       = true                                      {product} {ergonomic}
     bool UseCompressedClassPointers               = true                                 {lp64_product} {ergonomic}
     bool UseCompressedOops                        = true                                 {lp64_product} {ergonomic}
     bool UseG1GC                                  = true                                      {product} {ergonomic}
     bool UseLargePagesIndividualAllocation        = false                                  {pd product} {ergonomic}

Logging:
Log output configuration:
 #0: stdout all=warning uptime,level,tags
 #1: stderr all=off uptime,level,tags

Environment Variables:
PATH=C:/Program Files/Git/mingw64/libexec/git-core;C:/Program Files/Git/mingw64/libexec/git-core;C:\Program Files\Git\mingw64\bin;C:\Program Files\Git\usr\bin;C:\Users\Lenovo\bin;C:\Windows\system32;C:\Windows;C:\Windows\System32\Wbem;C:\Windows\System32\WindowsPowerShell\v1.0\;C:\Windows\System32\OpenSSH\;C:\Program Files (x86)\NVIDIA Corporation\PhysX\Common;C:\Program Files\NVIDIA Corporation\NVIDIA NvDLISR;C:\WINDOWS\system32;C:\WINDOWS;C:\WINDOWS\System32\Wbem;C:\WINDOWS\System32\WindowsPowerShell\v1.0\;C:\WINDOWS\System32\OpenSSH\;C:\Program Files\Git\cmd;C:\Program Files\PuTTY\;C:\ProgramData\ComposerSetup\bin;C:\HashiCorp\Vagrant\bin;C:\Users\Lenovo\AppData\Roaming\nvm;C:\Program Files\nodejs;C:\Users\Lenovo\AppData\Local\Microsoft\WindowsApps;C:\laragon\bin\php\php-7.3.25-Win32-VC15-x64;C:\laragon\bin\php\php-7.2.19-Win32-VC15-x64;C:\Users\Lenovo\AppData\Roaming\Composer\vendor\bin;C:\Users\Lenovo\AppData\Roaming\npm;C:\Users\Lenovo\AppData\Local\GitHubDesktop\bin;C:\Users\Lenovo\AppData\Local\gitkraken\bin;C:\Program Files\heroku\bin;C:\Users\Lenovo\AppData\Roaming\nvm;C:\Program Files\nodejs;C:\Users\Lenovo\AppData\Local\Programs\Microsoft VS Code\bin
USERNAME=Lenovo
DISPLAY=:0.0
LC_ALL=en_US.UTF-8
OS=Windows_NT
PROCESSOR_IDENTIFIER=Intel64 Family 6 Model 158 Stepping 10, GenuineIntel



---------------  S Y S T E M  ---------------

OS: Windows 10 , 64 bit Build 19041 (10.0.19041.1202)
OS uptime: 18 days 13:21 hours

CPU:total 12 (initial active 12) (6 cores per cpu, 2 threads per core) family 6 model 158 stepping 10, cmov, cx8, fxsr, mmx, sse, sse2, sse3, ssse3, sse4.1, sse4.2, popcnt, avx, avx2, aes, clmul, erms, 3dnowpref, lzcnt, ht, tsc, tscinvbit, bmi1, bmi2, adx, fma

Memory: 4k page, system-wide physical 16263M (1452M free)
TotalPageFile size 31366M (AvailPageFile size 212M)
current process WorkingSet (physical memory assigned to process): 10M, peak: 10M
current process commit charge ("private bytes"): 64M, peak: 320M

vm_info: OpenJDK 64-Bit Server VM (11.0.9.1+11-b1145.63) for windows-amd64 JRE (11.0.9.1+11-b1145.63), built on Dec 21 2020 13:58:54 by "" with MS VC++ 14.0 (VS2015)

END.
