#
# There is insufficient memory for the Java Runtime Environment to continue.
# Native memory allocation (mmap) failed to map 268435456 bytes for Failed to commit area from 0x0000000701e00000 to 0x0000000711e00000 of length 268435456.
# Possible reasons:
#   The system is out of physical RAM or swap space
#   The process is running with CompressedOops enabled, and the Java Heap may be blocking the growth of the native heap
# Possible solutions:
#   Reduce memory load on the system
#   Increase physical memory or swap space
#   Check if swap backing store is full
#   Decrease Java heap size (-Xmx/-Xms)
#   Decrease number of Java threads
#   Decrease Java thread stack sizes (-Xss)
#   Set larger code cache with -XX:ReservedCodeCacheSize=
# This output file may be truncated or incomplete.
#
#  Out of Memory Error (./src/hotspot/os/windows/os_windows.cpp:3303), pid=10496, tid=3152
#
# JRE version:  (11.0.9.1+11) (build )
# Java VM: OpenJDK 64-Bit Server VM (11.0.9.1+11-b1145.63, mixed mode, sharing, tiered, compressed oops, g1 gc, windows-amd64)
# No core dump will be written. Minidumps are not enabled by default on client versions of Windows
#

---------------  S U M M A R Y ------------

Command Line: org.jetbrains.git4idea.http.GitAskPassApp Username for 'https://github.com': 

Host: Intel(R) Core(TM) i7-9750H CPU @ 2.60GHz, 12 cores, 15G,  Windows 10 , 64 bit Build 22000 (10.0.22000.434)
Time: Thu Feb 10 15:46:35 2022 Malay Peninsula Standard Time elapsed time: 0.017350 seconds (0d 0h 0m 0s)

---------------  T H R E A D  ---------------

Current thread (0x0000027307034000):  JavaThread "Unknown thread" [_thread_in_vm, id=3152, stack(0x000000e7ab600000,0x000000e7ab700000)]

Stack: [0x000000e7ab600000,0x000000e7ab700000]
Native frames: (J=compiled Java code, j=interpreted, Vv=VM code, C=native code)
V  [jvm.dll+0x5edd9a]
V  [jvm.dll+0x7229c5]
V  [jvm.dll+0x723f1d]
V  [jvm.dll+0x7245d3]
V  [jvm.dll+0x2431b8]
V  [jvm.dll+0x5eb234]
V  [jvm.dll+0x5e0325]
V  [jvm.dll+0x2fe60b]
V  [jvm.dll+0x2fe57a]
V  [jvm.dll+0x2fe452]
V  [jvm.dll+0x303346]
V  [jvm.dll+0x34ba83]
V  [jvm.dll+0x34c186]
V  [jvm.dll+0x34bb83]
V  [jvm.dll+0x2d9218]
V  [jvm.dll+0x2da3c7]
V  [jvm.dll+0x701a67]
V  [jvm.dll+0x70325c]
V  [jvm.dll+0x359049]
V  [jvm.dll+0x6e552e]
V  [jvm.dll+0x3c1353]
V  [jvm.dll+0x3c3571]
C  [jli.dll+0x5373]
C  [ucrtbase.dll+0x26c0c]
C  [KERNEL32.DLL+0x154e0]
C  [ntdll.dll+0x485b]


---------------  P R O C E S S  ---------------

Threads class SMR info:
_java_thread_list=0x0000027306d11390, length=0, elements={
}

Java Threads: ( => current thread )

Other Threads:
  0x0000027306ded000 GCTaskThread "GC Thread#0" [stack: 0x000000e7ab700000,0x000000e7ab800000] [id=22808]
  0x00000273070a6000 ConcurrentGCThread "G1 Main Marker" [stack: 0x000000e7ab800000,0x000000e7ab900000] [id=10536]
  0x00000273070a7800 ConcurrentGCThread "G1 Conc#0" [stack: 0x000000e7ab900000,0x000000e7aba00000] [id=13172]

[error occurred during error reporting (printing all threads), id 0xc0000005, EXCEPTION_ACCESS_VIOLATION (0xc0000005) at pc=0x00007ffa603a9807]

VM state:not at safepoint (not fully initialized)

VM Mutex/Monitor currently owned by a thread:  ([mutex/lock_event])
[0x0000027307031970] Heap_lock - owner thread: 0x0000027307034000

Heap address: 0x0000000701e00000, size: 4066 MB, Compressed Oops mode: Non-zero based: 0x0000000701e00000
Narrow klass base: 0x0000000000000000, Narrow klass shift: 0

GC Heap History (0 events):
No events

Deoptimization events (0 events):
No events

Classes redefined (0 events):
No events

Internal exceptions (0 events):
No events

Events (1 events):
Event: 0.007 Loaded shared library C:\Program Files\JetBrains\PhpStorm 2020.3.1\jbr\bin\zip.dll


Dynamic libraries:
0x00007ff77c150000 - 0x00007ff77c15a000 	C:\Program Files\JetBrains\PhpStorm 2020.3.1\jbr\bin\java.exe
0x00007ffae5840000 - 0x00007ffae5a47000 	C:\WINDOWS\SYSTEM32\ntdll.dll
0x00007ffae4530000 - 0x00007ffae45ed000 	C:\WINDOWS\System32\KERNEL32.DLL
0x00007ffae2e50000 - 0x00007ffae31c4000 	C:\WINDOWS\System32\KERNELBASE.dll
0x00007ffae3590000 - 0x00007ffae36a1000 	C:\WINDOWS\System32\ucrtbase.dll
0x00007ffacdc60000 - 0x00007ffacdc79000 	C:\Program Files\JetBrains\PhpStorm 2020.3.1\jbr\bin\jli.dll
0x00007ffacccb0000 - 0x00007ffacccc7000 	C:\Program Files\JetBrains\PhpStorm 2020.3.1\jbr\bin\VCRUNTIME140.dll
0x00007ffae4950000 - 0x00007ffae4afc000 	C:\WINDOWS\System32\USER32.dll
0x00007ffae36b0000 - 0x00007ffae36d6000 	C:\WINDOWS\System32\win32u.dll
0x00007ffabca90000 - 0x00007ffabcd35000 	C:\WINDOWS\WinSxS\amd64_microsoft.windows.common-controls_6595b64144ccf1df_6.0.22000.120_none_9d947278b86cc467\COMCTL32.dll
0x00007ffae3f50000 - 0x00007ffae3f79000 	C:\WINDOWS\System32\GDI32.dll
0x00007ffae52b0000 - 0x00007ffae5353000 	C:\WINDOWS\System32\msvcrt.dll
0x00007ffae2d30000 - 0x00007ffae2e42000 	C:\WINDOWS\System32\gdi32full.dll
0x00007ffae3290000 - 0x00007ffae332d000 	C:\WINDOWS\System32\msvcp_win.dll
0x00007ffae4480000 - 0x00007ffae44b1000 	C:\WINDOWS\System32\IMM32.DLL
0x00007ffabb0c0000 - 0x00007ffabb15d000 	C:\Program Files\JetBrains\PhpStorm 2020.3.1\jbr\bin\msvcp140.dll
0x00007ffa600c0000 - 0x00007ffa60b8e000 	C:\Program Files\JetBrains\PhpStorm 2020.3.1\jbr\bin\server\jvm.dll
0x00007ffae45f0000 - 0x00007ffae469e000 	C:\WINDOWS\System32\ADVAPI32.dll
0x00007ffae37f0000 - 0x00007ffae388e000 	C:\WINDOWS\System32\sechost.dll
0x00007ffae3e30000 - 0x00007ffae3f50000 	C:\WINDOWS\System32\RPCRT4.dll
0x00007ffae3770000 - 0x00007ffae3778000 	C:\WINDOWS\System32\PSAPI.DLL
0x00007ffaddc00000 - 0x00007ffaddc09000 	C:\WINDOWS\SYSTEM32\WSOCK32.dll
0x00007ffadb460000 - 0x00007ffadb46a000 	C:\WINDOWS\SYSTEM32\VERSION.dll
0x00007ffadd950000 - 0x00007ffadd983000 	C:\WINDOWS\SYSTEM32\WINMM.dll
0x00007ffae3cd0000 - 0x00007ffae3d3f000 	C:\WINDOWS\System32\WS2_32.dll
0x00007ffae1e30000 - 0x00007ffae1e48000 	C:\WINDOWS\SYSTEM32\kernel.appcore.dll
0x00007ffada7c0000 - 0x00007ffada7d1000 	C:\Program Files\JetBrains\PhpStorm 2020.3.1\jbr\bin\verify.dll
0x00007ffae08b0000 - 0x00007ffae0ad1000 	C:\WINDOWS\SYSTEM32\DBGHELP.DLL
0x00007ffada940000 - 0x00007ffada971000 	C:\WINDOWS\SYSTEM32\dbgcore.DLL
0x00007ffae3330000 - 0x00007ffae33af000 	C:\WINDOWS\System32\bcryptPrimitives.dll
0x00007ffada790000 - 0x00007ffada7b9000 	C:\Program Files\JetBrains\PhpStorm 2020.3.1\jbr\bin\java.dll
0x00007ffada780000 - 0x00007ffada78b000 	C:\Program Files\JetBrains\PhpStorm 2020.3.1\jbr\bin\jimage.dll
0x00007ffad0a70000 - 0x00007ffad0a88000 	C:\Program Files\JetBrains\PhpStorm 2020.3.1\jbr\bin\zip.dll

dbghelp: loaded successfully - version: 4.0.5 - missing functions: none
symbol engine: initialized successfully - sym options: 0x614 - pdb path: .;C:\Program Files\JetBrains\PhpStorm 2020.3.1\jbr\bin;C:\WINDOWS\SYSTEM32;C:\WINDOWS\WinSxS\amd64_microsoft.windows.common-controls_6595b64144ccf1df_6.0.22000.120_none_9d947278b86cc467;C:\Program Files\JetBrains\PhpStorm 2020.3.1\jbr\bin\server

VM Arguments:
java_command: org.jetbrains.git4idea.http.GitAskPassApp Username for 'https://github.com': 
java_class_path (initial): C:/Program Files/JetBrains/PhpStorm 2020.3.1/plugins/git4idea/lib/git4idea-rt.jar;C:/Program Files/JetBrains/PhpStorm 2020.3.1/lib/xmlrpc-2.0.1.jar;C:/Program Files/JetBrains/PhpStorm 2020.3.1/lib/commons-codec-1.14.jar
Launcher Type: SUN_STANDARD

[Global flags]
     intx CICompilerCount                          = 4                                         {product} {ergonomic}
     uint ConcGCThreads                            = 3                                         {product} {ergonomic}
     uint G1ConcRefinementThreads                  = 10                                        {product} {ergonomic}
   size_t G1HeapRegionSize                         = 1048576                                   {product} {ergonomic}
    uintx GCDrainStackTargetSize                   = 64                                        {product} {ergonomic}
   size_t InitialHeapSize                          = 268435456                                 {product} {ergonomic}
   size_t MarkStackSize                            = 4194304                                   {product} {ergonomic}
   size_t MaxHeapSize                              = 4263510016                                {product} {ergonomic}
   size_t MinHeapDeltaBytes                        = 1048576                                   {product} {ergonomic}
    uintx NonNMethodCodeHeapSize                   = 5836300                                {pd product} {ergonomic}
    uintx NonProfiledCodeHeapSize                  = 122910970                              {pd product} {ergonomic}
    uintx ProfiledCodeHeapSize                     = 122910970                              {pd product} {ergonomic}
    uintx ReservedCodeCacheSize                    = 251658240                              {pd product} {ergonomic}
     bool SegmentedCodeCache                       = true                                      {product} {ergonomic}
     bool UseCompressedClassPointers               = true                                 {lp64_product} {ergonomic}
     bool UseCompressedOops                        = true                                 {lp64_product} {ergonomic}
     bool UseG1GC                                  = true                                      {product} {ergonomic}
     bool UseLargePagesIndividualAllocation        = false                                  {pd product} {ergonomic}

Logging:
Log output configuration:
 #0: stdout all=warning uptime,level,tags
 #1: stderr all=off uptime,level,tags

Environment Variables:
PATH=C:\Program Files\Git\mingw64\libexec\git-core;C:\Program Files\Git\mingw64\libexec\git-core;C:\Program Files\Git\mingw64\bin;C:\Program Files\Git\usr\bin;C:\Users\Lenovo\bin;C:\Windows\system32;C:\Windows;C:\Windows\System32\Wbem;C:\Windows\System32\WindowsPowerShell\v1.0;C:\Windows\System32\OpenSSH;C:\Program Files (x86)\NVIDIA Corporation\PhysX\Common;C:\Program Files\NVIDIA Corporation\NVIDIA NvDLISR;C:\WINDOWS\system32;C:\WINDOWS;C:\WINDOWS\System32\Wbem;C:\WINDOWS\System32\WindowsPowerShell\v1.0;C:\WINDOWS\System32\OpenSSH;C:\Program Files\Git\cmd;C:\Program Files\PuTTY;C:\ProgramData\ComposerSetup\bin;C:\HashiCorp\Vagrant\bin;C:\Users\Lenovo\AppData\Roaming\nvm;C:\Program Files\nodejs;C:\WINDOWS\system32;C:\WINDOWS;C:\WINDOWS\System32\Wbem;C:\WINDOWS\System32\WindowsPowerShell\v1.0;C:\WINDOWS\System32\OpenSSH;C:\Users\Lenovo\AppData\Local\Microsoft\WindowsApps;C:\laragon\bin\php\php-7.3.25-Win32-VC15-x64;C:\laragon\bin\php\php-7.2.19-Win32-VC15-x64;C:\Users\Lenovo\AppData\Roaming\Composer\vendor\bin;C:\Users\Lenovo\AppData\Roaming\npm;C:\Program Files\heroku\bin;C:\Users\Lenovo\AppData\Roaming\nvm;C:\Program Files\nodejs;C:\Users\Lenovo\AppData\Local\Programs\Microsoft VS Code\bin;%USERPROFILE%\AppData\Local\Microsoft\WindowsApps
USERNAME=Lenovo
DISPLAY=:0.0
LC_ALL=en_US.UTF-8
OS=Windows_NT
PROCESSOR_IDENTIFIER=Intel64 Family 6 Model 158 Stepping 10, GenuineIntel



---------------  S Y S T E M  ---------------

OS: Windows 10 , 64 bit Build 22000 (10.0.22000.434)
OS uptime: 16 days 9:19 hours

CPU:total 12 (initial active 12) (6 cores per cpu, 2 threads per core) family 6 model 158 stepping 10, cmov, cx8, fxsr, mmx, sse, sse2, sse3, ssse3, sse4.1, sse4.2, popcnt, avx, avx2, aes, clmul, erms, 3dnowpref, lzcnt, ht, tsc, tscinvbit, bmi1, bmi2, adx, fma

Memory: 4k page, system-wide physical 16263M (3758M free)
TotalPageFile size 31366M (AvailPageFile size 265M)
current process WorkingSet (physical memory assigned to process): 10M, peak: 10M
current process commit charge ("private bytes"): 64M, peak: 320M

vm_info: OpenJDK 64-Bit Server VM (11.0.9.1+11-b1145.63) for windows-amd64 JRE (11.0.9.1+11-b1145.63), built on Dec 21 2020 13:58:54 by "" with MS VC++ 14.0 (VS2015)

END.
